0 verbose cli /usr/local/bin/node /usr/local/bin/npm
1 info using npm@11.6.0
2 info using node@v22.19.0
3 silly config load:file:/usr/local/lib/node_modules/npm/npmrc
4 silly config load:file:/Users/matt/Work/projects/sql-interview-practice/frontend/.npmrc
5 silly config load:file:/Users/matt/.npmrc
6 silly config load:file:/Users/matt/Work/projects/sql-interview-practice/frontend/etc/npmrc
7 verbose title npm run build
8 verbose argv "--prefix" "/Users/matt/Work/projects/sql-interview-practice/frontend" "run" "build"
9 verbose logfile logs-max:10 dir:/Users/matt/Work/projects/sql-interview-practice/backend/.npm-cache/_logs/2026-03-17T07_28_13_387Z-
10 verbose logfile /Users/matt/Work/projects/sql-interview-practice/backend/.npm-cache/_logs/2026-03-17T07_28_13_387Z-debug-0.log
11 silly logfile done cleaning log files
12 http fetch GET 200 https://registry.npmjs.org/npm 387ms
13 verbose cwd /Users/matt/Work/projects/sql-interview-practice/backend
14 verbose os Darwin 25.3.0
15 verbose node v22.19.0
16 verbose npm  v11.6.0
17 notice
17 notice New [33mminor[39m version of npm available! [33m11.6.0[39m -> [34m11.11.1[39m
17 notice Changelog: [34mhttps://github.com/npm/cli/releases/tag/v11.11.1[39m
17 notice To update run: [4mnpm install -g npm@11.11.1[24m
17 notice  { force: true, [Symbol(proc-log.meta)]: true }
18 verbose exit 0
19 info ok
