0 verbose cli /usr/local/bin/node /usr/local/bin/npm
1 info using npm@11.6.0
2 info using node@v22.19.0
3 silly config load:file:/usr/local/lib/node_modules/npm/npmrc
4 silly config load:file:/Users/matt/Work/projects/sql-interview-practice/frontend/.npmrc
5 silly config load:file:/Users/matt/.npmrc
6 silly config load:file:/usr/local/etc/npmrc
7 verbose title npm view @monaco-editor/react description dist-tags.latest homepage version time
8 verbose argv "view" "--json" "--" "@monaco-editor/react" "description" "dist-tags.latest" "homepage" "version" "time"
9 verbose logfile logs-max:10 dir:/Users/matt/Work/projects/sql-interview-practice/frontend/.npm-cache/_logs/2026-03-17T12_51_17_335Z-
10 verbose logfile /Users/matt/Work/projects/sql-interview-practice/frontend/.npm-cache/_logs/2026-03-17T12_51_17_335Z-debug-0.log
11 silly logfile start cleaning logs, removing 1 files
12 silly logfile done cleaning log files
13 http fetch GET 200 https://registry.npmjs.org/@monaco-editor%2freact 1948ms (cache revalidated)
14 verbose cwd /Users/matt/Work/projects/sql-interview-practice/frontend
15 verbose os Darwin 25.3.0
16 verbose node v22.19.0
17 verbose npm  v11.6.0
18 verbose exit 0
19 info ok
